baseline_rank64: sim=0.9982  acc=0.9679  spec=0.2380  spec_H=0.1142
B_L1_output_0.001: sim=0.9982  acc=0.9679  spec=0.2390  spec_H=0.1158
B_L1_output_0.01: sim=0.9981  acc=0.9680  spec=0.2492  spec_H=0.1318
B_L1_output_0.03: sim=0.9980  acc=0.9680  spec=0.2702  spec_H=0.1664
B_L1_output_0.1: sim=0.9979  acc=0.9681  spec=0.3122  spec_H=0.2355
B_L1_output_0.3: sim=0.9975  acc=0.9683  spec=0.3730  spec_H=0.3280
B_L1_output_1.0: sim=0.9967  acc=0.9683  spec=0.4743  spec_H=0.4629
B_L1_output_3.0: sim=0.9958  acc=0.9678  spec=0.5477  spec_H=0.5547
B_L1_output_10.0: sim=0.9949  acc=0.9674  spec=0.5863  spec_H=0.5950
A_L1_input_0.001: sim=0.9982  acc=0.9679  spec=0.2379  spec_H=0.1143
A_L1_input_0.01: sim=0.9982  acc=0.9679  spec=0.2380  spec_H=0.1142
A_L1_input_0.1: sim=0.9980  acc=0.9680  spec=0.2380  spec_H=0.1154
C_sym_0.01: sim=0.9895  acc=0.9657  spec=0.2367  spec_H=0.1149
C_sym_0.1: sim=0.9855  acc=0.9631  spec=0.2385  spec_H=0.1142
C_sym_1.0: sim=0.9604  acc=0.9307  spec=0.2432  spec_H=0.1136
E_rank_2: sim=0.4819  acc=0.2726  spec=0.2242  spec_H=0.1159
E_rank_4: sim=0.6703  acc=0.4784  spec=0.2315  spec_H=0.1156
E_rank_8: sim=0.8372  acc=0.7276  spec=0.2235  spec_H=0.0970
E_rank_16: sim=0.9476  acc=0.9486  spec=0.2225  spec_H=0.1069
E_rank_32: sim=0.9907  acc=0.9669  spec=0.2279  spec_H=0.1026
E_rank_64: sim=0.9982  acc=0.9679  spec=0.2380  spec_H=0.1142
E_rank_128: sim=0.9995  acc=0.9684  spec=0.2400  spec_H=0.1172
D_nonneg: sim=0.9969  acc=0.9680  spec=0.2377  spec_H=0.1109
F_joint_r16_s42: sim=0.9099  acc=0.8754  spec=0.4520  spec_H=0.3420
F_joint_r16_s123: sim=0.9124  acc=0.8635  spec=0.3309  spec_H=0.2342
F_joint_r16_s7: sim=0.9232  acc=0.9125  spec=0.3535  spec_H=0.2329
F_joint_r32_s42: sim=0.9678  acc=0.9452  spec=0.6266  spec_H=0.5538
F_joint_r32_s123: sim=0.9729  acc=0.9589  spec=0.5673  spec_H=0.5038
F_joint_r32_s7: sim=0.9702  acc=0.9483  spec=0.5548  spec_H=0.5029
B_L1_output_30.0: sim=0.9935  acc=0.9675  spec=0.6013  spec_H=0.6136
B_L1_output_100.0: sim=0.9923  acc=0.9667  spec=0.6067  spec_H=0.6158
